Subject:  DT04 CNDA_S28763
	CNDA_E118507
	CNDA_E118669
	Subject Alias:  H46L402 CNDA_S28763
		CNDA_E153610
Subject:  HYGLY02 CNDA_S35201
	CNDA_E154195
	Subject Alias:  H4GLY402 CNDA_S35201
		CNDA_E154387
Subject:  HYGLY05 CNDA_S35897
	CNDA_E158631
	CNDA_E158712
	CNDA_E162949
Subject:  HYGLY08 CNDA_S37005
	CNDA_E164234
	CNDA_E164929
	CNDA_E168611
Subject:  HYGLY09 CNDA_S37244
	CNDA_E167189
	CNDA_E167319
	CNDA_E169356
	Subject Alias:  P8085 CNDA_S37244
		CNDA_E53317
		CNDA_E53343
	Subject Alias:  P8079 CNDA_S37244
		CNDA_E52823
Subject:  HYGLY11 CNDA_S37992
	CNDA_E172809
	CNDA_E172857
	CNDA_E173743
	Subject Alias:  TW03 CNDA_S37992
		CNDA_E116965
		CNDA_E117002
		CNDA_E119550
Subject:  HYGLY14 CNDA_S37721
	CNDA_E170261
	CNDA_E170328
Subject:  HYGLY16 CNDA_S38239
	CNDA_E174896
	CNDA_E174947
	CNDA_E178111
Subject:  HYGLY22 CNDA_S39157
	CNDA_E179592
	CNDA_E179620
	CNDA_E189082
Subject:  HYGLY23 CNDA_S38938
	CNDA_E178378
	CNDA_E183485
	CNDA_E186470
	CNDA_E186616
	CNDA_E193485
	Subject Alias:  NP995_19 CNDA_S38938
		CNDA_E216027
	Subject Alias:  NP99519 CNDA_S38938
		CNDA_E251344
Subject:  HYGLY24 CNDA_S38675
	CNDA_E177002
	CNDA_E177223
	CNDA_E178568
	Subject Alias:  NP995_14 CNDA_S38675
		CNDA_E145976
		CNDA_E146273
		CNDA_E149570
Subject:  HYGLY25 CNDA_S39781
	CNDA_E181248
	CNDA_E181327
	CNDA_E182107
Subject:  HYGLY26 CNDA_S40037
	CNDA_E182819
	CNDA_E182863
Subject:  HYGLY28 CNDA_S41723
	CNDA_E190613
	CNDA_E190711
	CNDA_E191506
Subject:  HYGLY30 CNDA_S42130
	CNDA_E193492
	CNDA_E193668
	CNDA_E194831
	Subject Alias:  NP995_20 CNDA_S42130
		CNDA_E220491
Subject:  HYGLY34 CNDA_S48783
	CNDA_E209718
	CNDA_E209975
	CNDA_E214212
	Subject Alias:  NP995_18 CNDA_S48783
		CNDA_E225407
Subject:  HYGLY35 CNDA_S42756
	CNDA_E195833
	CNDA_E197207
	CNDA_E201038
Subject:  HYGLY36 CNDA_S47634
	CNDA_E205407
	CNDA_E205451
	Subject Alias:  HYGLY_36 CNDA_S47634
		CNDA_E206595
	Subject Alias:  NP995_22 CNDA_S47634
		CNDA_E233571
		CNDA_E234233
Subject:  HYGLY38 CNDA_S49157
	CNDA_E211905
	CNDA_E211960
Subject:  HYGLY42 CNDA_S52590
	CNDA_E223981
	CNDA_E228496
Subject:  HYGLY47 CNDA_S57920
	CNDA_E247390
	CNDA_E247428
	CNDA_E248403
Subject:  HYGLY48 CNDA_S58258
	CNDA10_E00165
	CNDA_E249046
Subject:  HYGLY50 CNDA_S58163
	CNDA_E248492
	CNDA_E248568
	Subject Alias:  NP995_25 CNDA_S58163
		CNDA05_E00853
Subject:  NP995_05 CNDA_S29097
	CNDA_E120456
	CNDA_E120895
	CNDA_E122256
Subject:  NP995_09_1 CNDA_S32920
	CNDA_E139712
	Subject Alias:  NP995_09 CNDA_S32920
		CNDA_E138767
		CNDA_E139846
Subject:  NP995_10 CNDA_S33789
	CNDA_E146332
	CNDA_E146371
	CNDA_E147363
	Subject Alias:  HYGLY37 CNDA_S33789
		CNDA_E225225
Subject:  NP995_22 CNDA_S35924
	CNDA_E158798
	CNDA_E158842
	CNDA_E158844
	CNDA_E160652
Subject:  NP995_26 CNDA_S63372
	CNDA05_E00026
	CNDA_E268876
	CNDA_E268925